<?xml version="1.0" encoding="UTF-8"?>
<testng-results skipped="0" failed="0" ignored="0" total="1" passed="1">
  <reporter-output>
  </reporter-output>
  <suite name="Default suite" duration-ms="28031" started-at="2020-06-16T21:50:24Z" finished-at="2020-06-16T21:50:52Z">
    <groups>
    </groups>
    <test name="Default test" duration-ms="28031" started-at="2020-06-16T21:50:24Z" finished-at="2020-06-16T21:50:52Z">
      <class name="Test.Test99GuruLogin">
        <test-method status="PASS" signature="setup()[pri:0, instance:Test.Test99GuruLogin@56ac3a89]" name="setup" is-config="true" duration-ms="13611" started-at="2020-06-16T21:50:24Z" finished-at="2020-06-16T21:50:38Z">
          <reporter-output>
          </reporter-output>
        </test-method> <!-- setup -->
        <test-method status="PASS" signature="testHomePageAppearCorrect()[pri:0, instance:Test.Test99GuruLogin@56ac3a89]" name="testHomePageAppearCorrect" duration-ms="14359" started-at="2020-06-16T21:50:38Z" finished-at="2020-06-16T21:50:52Z">
          <reporter-output>
          </reporter-output>
        </test-method> <!-- testHomePageAppearCorrect -->
      </class> <!-- Test.Test99GuruLogin -->
    </test> <!-- Default test -->
  </suite> <!-- Default suite -->
</testng-results>
